  stdafx.cpp
  AssemblyInfo.cpp
  ConfigForm.cpp
c:\users\martin klein-north\source\repos\dechetterie\dechetterie-interface\Logger.h(8): warning C4091: 'static value ' : ignoré à gauche de 'EnteteCode' quand aucune variable n'est déclarée
c:\users\martin klein-north\source\repos\dechetterie\dechetterie-interface\Logger.h(81): warning C4091: 'static ' : ignoré à gauche de 'Logger' quand aucune variable n'est déclarée
c:\users\martin klein-north\source\repos\dechetterie\dechetterie-interface\PipeServeur.h(20): warning C4091: 'static value ' : ignoré à gauche de 'id_groupe' quand aucune variable n'est déclarée
  Dechetterie-Interface.cpp
c:\users\martin klein-north\source\repos\dechetterie\dechetterie-interface\Logger.h(8): warning C4091: 'static value ' : ignoré à gauche de 'EnteteCode' quand aucune variable n'est déclarée
c:\users\martin klein-north\source\repos\dechetterie\dechetterie-interface\Logger.h(81): warning C4091: 'static ' : ignoré à gauche de 'Logger' quand aucune variable n'est déclarée
c:\users\martin klein-north\source\repos\dechetterie\dechetterie-interface\PipeServeur.h(20): warning C4091: 'static value ' : ignoré à gauche de 'id_groupe' quand aucune variable n'est déclarée
c:\users\martin klein-north\source\repos\dechetterie\dechetterie-interface\MainForm.h(564): warning C4566: le caractère représenté par le nom de caractère universel '\uFFFD' ne peut pas être représenté dans la page de codes actuelle (1252)
  InfoForm.cpp
  MainForm.cpp
c:\users\martin klein-north\source\repos\dechetterie\dechetterie-interface\Logger.h(8): warning C4091: 'static value ' : ignoré à gauche de 'EnteteCode' quand aucune variable n'est déclarée
c:\users\martin klein-north\source\repos\dechetterie\dechetterie-interface\Logger.h(81): warning C4091: 'static ' : ignoré à gauche de 'Logger' quand aucune variable n'est déclarée
c:\users\martin klein-north\source\repos\dechetterie\dechetterie-interface\PipeServeur.h(20): warning C4091: 'static value ' : ignoré à gauche de 'id_groupe' quand aucune variable n'est déclarée
c:\users\martin klein-north\source\repos\dechetterie\dechetterie-interface\MainForm.h(564): warning C4566: le caractère représenté par le nom de caractère universel '\uFFFD' ne peut pas être représenté dans la page de codes actuelle (1252)
  Génération de code en cours...
c:\users\martin klein-north\source\repos\dechetterie\dechetterie-interface\protocole\protocole.h(360): warning C4715: 'Protocole::getTypeMessageByType' : les chemins de contrôle ne retournent pas tous une valeur
c:\users\martin klein-north\source\repos\dechetterie\dechetterie-interface\protocole\protocole.h(371): warning C4715: 'Protocole::GetTypeProtocoleByID' : les chemins de contrôle ne retournent pas tous une valeur
c:\users\martin klein-north\source\repos\dechetterie\dechetterie-interface\pipeserveur.h(233): warning C4715: 'PipeServeur::getServeurState' : les chemins de contrôle ne retournent pas tous une valeur
c:\users\martin klein-north\source\repos\dechetterie\dechetterie-interface\protocole\protocole.h(348): warning C4715: 'Protocole::translateByID' : les chemins de contrôle ne retournent pas tous une valeur
c:\users\martin klein-north\source\repos\dechetterie\dechetterie-interface\pipeserveur.h(211): warning C4715: 'PipeServeur::getClientState' : les chemins de contrôle ne retournent pas tous une valeur
c:\users\martin klein-north\source\repos\dechetterie\dechetterie-interface\pipeserveur.h(278): warning C4715: 'PipeServeur::getPositionBarriere' : les chemins de contrôle ne retournent pas tous une valeur
c:\users\martin klein-north\source\repos\dechetterie\dechetterie-interface\protocole\protocole.h(360): warning C4715: 'Protocole::getTypeMessageByType' : les chemins de contrôle ne retournent pas tous une valeur
c:\users\martin klein-north\source\repos\dechetterie\dechetterie-interface\protocole\protocole.h(371): warning C4715: 'Protocole::GetTypeProtocoleByID' : les chemins de contrôle ne retournent pas tous une valeur
c:\users\martin klein-north\source\repos\dechetterie\dechetterie-interface\pipeserveur.h(233): warning C4715: 'PipeServeur::getServeurState' : les chemins de contrôle ne retournent pas tous une valeur
c:\users\martin klein-north\source\repos\dechetterie\dechetterie-interface\protocole\protocole.h(348): warning C4715: 'Protocole::translateByID' : les chemins de contrôle ne retournent pas tous une valeur
c:\users\martin klein-north\source\repos\dechetterie\dechetterie-interface\pipeserveur.h(211): warning C4715: 'PipeServeur::getClientState' : les chemins de contrôle ne retournent pas tous une valeur
c:\users\martin klein-north\source\repos\dechetterie\dechetterie-interface\pipeserveur.h(278): warning C4715: 'PipeServeur::getPositionBarriere' : les chemins de contrôle ne retournent pas tous une valeur
c:\users\martin klein-north\source\repos\dechetterie\dechetterie-interface\protocole\protocole.h(360): warning C4715: 'Protocole::getTypeMessageByType' : les chemins de contrôle ne retournent pas tous une valeur
c:\users\martin klein-north\source\repos\dechetterie\dechetterie-interface\protocole\protocole.h(371): warning C4715: 'Protocole::GetTypeProtocoleByID' : les chemins de contrôle ne retournent pas tous une valeur
c:\users\martin klein-north\source\repos\dechetterie\dechetterie-interface\pipeserveur.h(233): warning C4715: 'PipeServeur::getServeurState' : les chemins de contrôle ne retournent pas tous une valeur
c:\users\martin klein-north\source\repos\dechetterie\dechetterie-interface\protocole\protocole.h(348): warning C4715: 'Protocole::translateByID' : les chemins de contrôle ne retournent pas tous une valeur
c:\users\martin klein-north\source\repos\dechetterie\dechetterie-interface\pipeserveur.h(211): warning C4715: 'PipeServeur::getClientState' : les chemins de contrôle ne retournent pas tous une valeur
c:\users\martin klein-north\source\repos\dechetterie\dechetterie-interface\pipeserveur.h(278): warning C4715: 'PipeServeur::getPositionBarriere' : les chemins de contrôle ne retournent pas tous une valeur
  .NETFramework,Version=v4.6.1.AssemblyAttributes.cpp
  AssemblyInfo.obj : /DEBUG:FASTLINK n'est pas pris en charge en présence de code managé ; redémarrage de l'édition des liens avec /DEBUG:FULL
  Dechetterie-Interface.vcxproj -> C:\Users\Martin KLEIN-NORTH\Source\Repos\Dechetterie\Debug\Dechetterie-Interface.exe
  Dechetterie-Interface.vcxproj -> C:\Users\Martin KLEIN-NORTH\Source\Repos\Dechetterie\Debug\Dechetterie-Interface.pdb (Partial PDB)
